<?xml version="1.0" encoding="UTF-8"?>
<!-- Generated by org.testng.reporters.JUnitReportReporter -->
<testsuite skipped="0" hostname="DESKTOP-UOSJI6I" name="com.testngExercise.MultiLevel" tests="1" failures="0" timestamp="2021-08-19T13:11:52 IST" time="6.047" errors="0">
  <testcase name="multiTest" time="6.047" classname="com.testngExercise.MultiLevel"/>
  <system-out/>
</testsuite> <!-- com.testngExercise.MultiLevel -->
