<?xml version="1.0" encoding="UTF-8"?>
<!-- Generated by org.testng.reporters.JUnitReportReporter -->
<testsuite skipped="0" hostname="DESKTOP-UOSJI6I" name="com.advanced.DependentTesting" tests="3" failures="0" timestamp="2021-08-23T17:07:51 IST" time="11.454" errors="0">
  <testcase name="logout" time="4.042" classname="com.advanced.DependentTesting"/>
  <system-out/>
  <testcase name="goToPage" time="7.080" classname="com.advanced.DependentTesting"/>
  <system-out/>
  <testcase name="loginActivity" time="0.332" classname="com.advanced.DependentTesting"/>
  <system-out/>
</testsuite> <!-- com.advanced.DependentTesting -->
