<?xml version="1.0" encoding="UTF-8"?>
<!-- Generated by org.testng.reporters.JUnitReportReporter -->
<testsuite skipped="0" hostname="DESKTOP-UOSJI6I" name="com.topics.WebDriverMethods" tests="1" failures="0" timestamp="2021-08-18T16:29:23 IST" time="10.477" errors="0">
  <testcase name="test" time="10.477" classname="com.topics.WebDriverMethods"/>
  <system-out/>
</testsuite> <!-- com.topics.WebDriverMethods -->
