<?xml version="1.0" encoding="UTF-8"?>
<!-- Generated by org.testng.reporters.JUnitReportReporter -->
<testsuite skipped="0" hostname="DESKTOP-UOSJI6I" name="com.testcases.HomePageTest" tests="4" failures="0" timestamp="2021-08-24T16:54:59 IST" time="6.532" errors="0">
  <testcase name="dropDownTest" time="0.760" classname="com.testcases.HomePageTest"/>
  <system-out/>
  <testcase name="addingItemsTest" time="0.578" classname="com.testcases.HomePageTest"/>
  <system-out/>
  <testcase name="loggingoutFromWebsiteTest" time="0.189" classname="com.testcases.HomePageTest"/>
  <system-out/>
  <testcase name="buyingProductTest" time="5.005" classname="com.testcases.HomePageTest"/>
  <system-out/>
</testsuite> <!-- com.testcases.HomePageTest -->
