<?xml version="1.0" encoding="UTF-8"?>
<!-- Generated by org.testng.reporters.JUnitReportReporter -->
<testsuite skipped="0" hostname="DESKTOP-UOSJI6I" name="com.testngExercise.HierarchicalSelenium" tests="1" failures="0" timestamp="2021-08-19T16:11:51 IST" time="7.703" errors="0">
  <testcase name="hierachicalTest" time="7.703" classname="com.testngExercise.HierarchicalSelenium"/>
  <system-out/>
</testsuite> <!-- com.testngExercise.HierarchicalSelenium -->
