<?xml version="1.0" encoding="UTF-8"?>
<!-- Generated by org.testng.reporters.JUnitReportReporter -->
<testsuite skipped="0" hostname="DESKTOP-UOSJI6I" name="com.testngExercise.DataProviderConcept" tests="2" failures="0" timestamp="2021-08-18T16:19:26 IST" time="15.124" errors="0">
  <testcase name="loginSauceTest" time="8.224" classname="com.testngExercise.DataProviderConcept"/>
  <system-out/>
  <testcase name="loginSauceTest" time="6.900" classname="com.testngExercise.DataProviderConcept"/>
  <system-out/>
</testsuite> <!-- com.testngExercise.DataProviderConcept -->
