<?xml version="1.0" encoding="UTF-8"?>
<!-- Generated by org.testng.reporters.JUnitReportReporter -->
<testsuite hostname="DESKTOP-UOSJI6I" failures="0" tests="4" name="com.testcases.HomePageTest" time="6.935" errors="0" timestamp="2022-07-05T14:23:50 IST" skipped="0">
  <testcase classname="com.testcases.HomePageTest" name="dropDownTest" time="1.053"/>
  <system-out/>
  <testcase classname="com.testcases.HomePageTest" name="loggingoutFromWebsiteTest" time="0.138"/>
  <system-out/>
  <testcase classname="com.testcases.HomePageTest" name="buyingProductTest" time="5.394"/>
  <system-out/>
  <testcase classname="com.testcases.HomePageTest" name="addingItemsTest" time="0.350"/>
  <system-out/>
</testsuite> <!-- com.testcases.HomePageTest -->
