<?xml version="1.0" encoding="UTF-8"?>
<!-- Generated by org.testng.reporters.JUnitReportReporter -->
<testsuite hostname="DESKTOP-UOSJI6I" failures="0" tests="1" name="com.testcases.LoginPageTest" time="0.817" errors="0" timestamp="2022-07-05T14:23:50 IST" skipped="0">
  <testcase classname="com.testcases.LoginPageTest" name="loginActivityTest" time="0.817"/>
  <system-out/>
</testsuite> <!-- com.testcases.LoginPageTest -->
