<?xml version="1.0" encoding="UTF-8"?>
<!-- Generated by org.testng.reporters.JUnitReportReporter -->
<testsuite skipped="0" hostname="DESKTOP-UOSJI6I" name="com.testngExercise.ImplementOverriding" tests="1" failures="0" timestamp="2021-08-19T16:06:50 IST" time="11.438" errors="0">
  <testcase name="selectingDOB" time="11.438" classname="com.testngExercise.ImplementOverriding"/>
  <system-out/>
</testsuite> <!-- com.testngExercise.ImplementOverriding -->
