<?xml version="1.0" encoding="UTF-8"?>
<!-- Generated by org.testng.reporters.JUnitReportReporter -->
<testsuite skipped="0" hostname="DESKTOP-UOSJI6I" name="com.testngExercise.TabsHandling" tests="1" failures="0" timestamp="2021-08-20T16:24:45 IST" time="27.013" errors="0">
  <testcase name="handleTest" time="27.013" classname="com.testngExercise.TabsHandling"/>
  <system-out/>
</testsuite> <!-- com.testngExercise.TabsHandling -->
