<?xml version="1.0" encoding="UTF-8"?>
<!-- Generated by org.testng.reporters.JUnitReportReporter -->
<testsuite skipped="0" hostname="DESKTOP-UOSJI6I" name="com.testcases.LoginPageTest" tests="1" failures="0" timestamp="2021-08-24T16:54:59 IST" time="0.739" errors="0">
  <testcase name="loginActivityTest" time="0.739" classname="com.testcases.LoginPageTest"/>
  <system-out/>
</testsuite> <!-- com.testcases.LoginPageTest -->
