<?xml version="1.0" encoding="UTF-8"?>
<!-- Generated by org.testng.reporters.JUnitReportReporter -->
<testsuite skipped="0" hostname="DESKTOP-UOSJI6I" name="com.testngExercise.SeleniumInheritance" tests="1" failures="0" timestamp="2021-08-19T13:11:16 IST" time="1.928" errors="0">
  <testcase name="sstest" time="1.928" classname="com.testngExercise.SeleniumInheritance"/>
  <system-out/>
</testsuite> <!-- com.testngExercise.SeleniumInheritance -->
